生成启动时间为 2019/8/12 11:51:56。
     1>项目“D:\CMCM\com_nlu\NLU\NLU.vcxproj”在节点 2 上(Rebuild 个目标)。
     1>ClCompile:
         D:\Program Files (x86)\Microsoft Visual Studio 12.0\VC\bin\CL.exe /c /ZI /nologo /W3 /WX- /sdl /Od /Oy- /D WIN32 /D _WINDOWS /D _DEBUG /D _CRT_SECURE_NO_WARNINGS /D HAVE_LIBC /D _USING_V110_SDK71_ /D _MBCS /Gm /EHsc /RTC1 /MTd /GS /fp:precise /Zc:wchar_t /Zc:forScope /Yc"stdafx.h" /Fp"Debug\NLU.pch" /Fo"Debug\\" /Fd"Debug\vc120.pdb" /Gd /TP /analyze- /errorReport:prompt stdafx.cpp
         stdafx.cpp
     1>d:\program files (x86)\microsoft visual studio 12.0\vc\atlmfc\include\afx.h(38): warning C4996: 'MBCS_Support_Deprecated_In_MFC': MBCS support in MFC is deprecated and may be removed in a future version of MFC.
                 d:\program files (x86)\microsoft visual studio 12.0\vc\atlmfc\include\afx.h(33) : 参见“MBCS_Support_Deprecated_In_MFC”的声明
         D:\Program Files (x86)\Microsoft Visual Studio 12.0\VC\bin\CL.exe /c /ZI /nologo /W3 /WX- /sdl /Od /Oy- /D WIN32 /D _WINDOWS /D _DEBUG /D _CRT_SECURE_NO_WARNINGS /D HAVE_LIBC /D _USING_V110_SDK71_ /D _MBCS /Gm /EHsc /RTC1 /MTd /GS /fp:precise /Zc:wchar_t /Zc:forScope /Yu"stdafx.h" /Fp"Debug\NLU.pch" /Fo"Debug\\" /Fd"Debug\vc120.pdb" /Gd /TP /analyze- /errorReport:prompt comport.cpp NLU.cpp NLUDlg.cpp
         NLUDlg.cpp
     1>d:\cmcm\com_nlu\include\libavutil\rational.h : warning C4819: 该文件包含不能在当前代码页(936)中表示的字符。请将该文件保存为 Unicode 格式以防止数据丢失
     1>d:\cmcm\com_nlu\nlu\nludlg.cpp(661): warning C4091: “typedef ”: 没有声明变量时忽略“m_cFrame”的左侧
     1>d:\cmcm\com_nlu\nlu\nludlg.cpp(753): warning C4101: “buf”: 未引用的局部变量
     1>d:\cmcm\com_nlu\nlu\nludlg.cpp(858): warning C4244: “=”: 从“time_t”转换到“long”，可能丢失数据
     1>d:\cmcm\com_nlu\nlu\nludlg.cpp(1012): warning C4018: “<”: 有符号/无符号不匹配
     1>d:\cmcm\com_nlu\nlu\nludlg.cpp(1972): warning C4101: “m_size”: 未引用的局部变量
     1>d:\cmcm\com_nlu\nlu\nludlg.cpp(2304): warning C4018: “<”: 有符号/无符号不匹配
     1>d:\cmcm\com_nlu\nlu\nludlg.cpp(2367): warning C4244: “=”: 从“long”转换到“unsigned char”，可能丢失数据
     1>d:\cmcm\com_nlu\nlu\nludlg.cpp(2493): warning C4018: “<”: 有符号/无符号不匹配
     1>d:\cmcm\com_nlu\nlu\nludlg.cpp(2674): warning C4018: “<”: 有符号/无符号不匹配
         NLU.cpp
         comport.cpp
     1>d:\cmcm\com_nlu\nlu\comport.cpp(520): warning C4018: “>=”: 有符号/无符号不匹配
     1>d:\cmcm\com_nlu\nlu\comport.cpp(534): warning C4018: “<”: 有符号/无符号不匹配
     1>d:\cmcm\com_nlu\nlu\comport.cpp(539): warning C4018: “<”: 有符号/无符号不匹配
         正在生成代码...
       ResourceCompile:
         C:\Program Files (x86)\Microsoft SDKs\Windows\v7.1A\bin\rc.exe /D _DEBUG /D _USING_V110_SDK71_ /l"0x0804" /IDebug\ /nologo /fo"Debug\NLU.res" NLU.rc 
       Link:
         D:\Program Files (x86)\Microsoft Visual Studio 12.0\VC\bin\link.exe /ERRORREPORT:PROMPT /OUT:"D:\CMCM\com_nlu\Debug\NLU.exe" /INCREMENTAL /NOLOGO /LIBPATH:D:\install\opencv\opencv\build\x86\vc12\lib /LIBPATH:D:\CMCM\com_nlu\lib zdll.lib json_vc71_libmtd.lib avcodec.lib avformat.lib avutil.lib avdevice.lib avfilter.lib postproc.lib swresample.lib swscale.lib SDL2.lib /MANIFEST /MANIFESTUAC:"level='asInvoker' uiAccess='false'" /manifest:embed /manifestinput:"D:\Program Files (x86)\Microsoft Visual Studio 12.0\VC\Include\Manifest\dpiaware.manifest" /DEBUG /PDB:"D:\CMCM\com_nlu\Debug\NLU.pdb" /SUBSYSTEM:WINDOWS,"5.01" /TLBID:1 /DYNAMICBASE /NXCOMPAT /IMPLIB:"D:\CMCM\com_nlu\Debug\NLU.lib" /MACHINE:X86 Debug\NLU.res
         Debug\comport.obj
         Debug\NLU.obj
         Debug\NLUDlg.obj
         Debug\stdafx.obj
         NLU.vcxproj -> D:\CMCM\com_nlu\Debug\NLU.exe
     1>已完成生成项目“D:\CMCM\com_nlu\NLU\NLU.vcxproj”(Rebuild 个目标)的操作。

生成成功。

已用时间 00:00:09.90
