d:\cmcm\github_soft\com_nlu\nlu\debug\nlu.pch
d:\cmcm\github_soft\com_nlu\nlu\debug\vc120.pdb
d:\cmcm\github_soft\com_nlu\nlu\debug\vc120.idb
d:\cmcm\github_soft\com_nlu\nlu\debug\stdafx.obj
d:\cmcm\github_soft\com_nlu\nlu\debug\comport.obj
d:\cmcm\github_soft\com_nlu\nlu\debug\nlu.obj
d:\cmcm\github_soft\com_nlu\nlu\debug\nludlg.obj
d:\cmcm\github_soft\com_nlu\debug\nlu.ilk
d:\cmcm\github_soft\com_nlu\debug\nlu.exe
d:\cmcm\github_soft\com_nlu\debug\nlu.pdb
d:\cmcm\github_soft\com_nlu\nlu\debug\nlu.res
d:\cmcm\github_soft\com_nlu\nlu\debug\nlu.tlog\cl.command.1.tlog
d:\cmcm\github_soft\com_nlu\nlu\debug\nlu.tlog\cl.read.1.tlog
d:\cmcm\github_soft\com_nlu\nlu\debug\nlu.tlog\cl.write.1.tlog
d:\cmcm\github_soft\com_nlu\nlu\debug\nlu.tlog\link.command.1.tlog
d:\cmcm\github_soft\com_nlu\nlu\debug\nlu.tlog\link.read.1.tlog
d:\cmcm\github_soft\com_nlu\nlu\debug\nlu.tlog\link.write.1.tlog
d:\cmcm\github_soft\com_nlu\nlu\debug\nlu.tlog\rc.command.1.tlog
d:\cmcm\github_soft\com_nlu\nlu\debug\nlu.tlog\rc.read.1.tlog
d:\cmcm\github_soft\com_nlu\nlu\debug\nlu.tlog\rc.write.1.tlog
