d:\cmcm\com_nlu\nlu\x64\debug\nlu.pch
d:\cmcm\com_nlu\nlu\x64\debug\vc120.pdb
d:\cmcm\com_nlu\nlu\x64\debug\vc120.idb
d:\cmcm\com_nlu\nlu\x64\debug\stdafx.obj
d:\cmcm\com_nlu\nlu\x64\debug\comport.obj
d:\cmcm\com_nlu\nlu\x64\debug\nlu.obj
d:\cmcm\com_nlu\nlu\x64\debug\nludlg.obj
d:\cmcm\com_nlu\nlu\x64\debug\nlu.res
d:\cmcm\com_nlu\nlu\x64\debug\nlu.tlog\cl.command.1.tlog
d:\cmcm\com_nlu\nlu\x64\debug\nlu.tlog\cl.read.1.tlog
d:\cmcm\com_nlu\nlu\x64\debug\nlu.tlog\cl.write.1.tlog
d:\cmcm\com_nlu\nlu\x64\debug\nlu.tlog\link-cvtres.read.1.tlog
d:\cmcm\com_nlu\nlu\x64\debug\nlu.tlog\link-cvtres.write.1.tlog
d:\cmcm\com_nlu\nlu\x64\debug\nlu.tlog\link-mt.read.1.tlog
d:\cmcm\com_nlu\nlu\x64\debug\nlu.tlog\link-mt.write.1.tlog
d:\cmcm\com_nlu\nlu\x64\debug\nlu.tlog\link-rc.read.1.tlog
d:\cmcm\com_nlu\nlu\x64\debug\nlu.tlog\link-rc.write.1.tlog
d:\cmcm\com_nlu\nlu\x64\debug\nlu.tlog\link.command.1.tlog
d:\cmcm\com_nlu\nlu\x64\debug\nlu.tlog\link.read.1.tlog
d:\cmcm\com_nlu\nlu\x64\debug\nlu.tlog\link.write.1.tlog
d:\cmcm\com_nlu\nlu\x64\debug\nlu.tlog\rc.command.1.tlog
d:\cmcm\com_nlu\nlu\x64\debug\nlu.tlog\rc.read.1.tlog
d:\cmcm\com_nlu\nlu\x64\debug\nlu.tlog\rc.write.1.tlog
